\BOOKMARK [0][-]{chapter*.2}{\376\377\004\040\004\025\004\044\004\025\004\040\004\020\004\042}{}% 1
\BOOKMARK [0][-]{chapter*.3}{\376\377\004\022\004\022\004\025\004\024\004\025\004\035\004\030\004\025}{}% 2
\BOOKMARK [0][-]{chapter.1}{\376\377\004\020\004\075\004\060\004\073\004\070\004\102\004\070\004\107\004\065\004\101\004\072\004\070\004\071\000\040\004\100\004\060\004\067\004\064\004\065\004\073}{}% 3
\BOOKMARK [1][-]{section.1.1}{\376\377\004\020\004\075\004\060\004\073\004\070\004\067\000\040\004\077\004\100\004\065\004\064\004\074\004\065\004\102\004\075\004\076\004\071\000\040\004\076\004\061\004\073\004\060\004\101\004\102\004\070}{chapter.1}% 4
\BOOKMARK [2][-]{subsection.1.1.1}{\376\377\004\037\004\076\004\075\004\117\004\102\004\070\004\065\000\040\004\100\004\065\004\072\004\076\004\074\004\065\004\075\004\064\004\060\004\102\004\065\004\073\004\114\004\075\004\113\004\105\000\040\004\060\004\073\004\063\004\076\004\100\004\070\004\102\004\074\004\076\004\062}{section.1.1}% 5
\BOOKMARK [2][-]{subsection.1.1.2}{\376\377\004\044\004\076\004\100\004\074\004\060\004\073\004\070\004\067\004\060\004\106\004\070\004\117\000\040\004\067\004\060\004\064\004\060\004\107\004\070\000\040\004\100\004\065\004\072\004\076\004\074\004\065\004\075\004\064\004\060\004\102\004\065\004\073\004\114\004\075\004\113\004\105\004\101\004\070\004\101\004\102\004\065\004\074}{section.1.1}% 6
\BOOKMARK [1][-]{section.1.2}{\376\377\004\034\004\065\004\102\004\076\004\064\004\113\000\040\004\072\004\076\004\073\004\073\004\060\004\061\004\076\004\100\004\060\004\102\004\070\004\062\004\075\004\076\004\071\000\040\004\104\004\070\004\073\004\114\004\102\004\100\004\060\004\106\004\070\004\070}{chapter.1}% 7
\BOOKMARK [2][-]{subsection.1.2.1}{\376\377\004\037\004\100\004\076\004\101\004\102\004\060\004\117\000\040\004\072\004\076\004\073\004\073\004\060\004\061\004\076\004\100\004\060\004\102\004\070\004\062\004\075\004\060\004\117\000\040\004\104\004\070\004\073\004\114\004\102\004\100\004\060\004\106\004\070\004\117}{section.1.2}% 8
\BOOKMARK [2][-]{subsection.1.2.2}{\376\377\004\034\004\060\004\102\004\100\004\070\004\107\004\075\004\113\004\065\000\040\004\100\004\060\004\067\004\073\004\076\004\066\004\065\004\075\004\070\004\117}{section.1.2}% 9
\BOOKMARK [2][-]{subsection.1.2.3}{\376\377\004\023\004\070\004\061\004\100\004\070\004\064\004\075\004\113\004\065\000\040\004\100\004\065\004\072\004\076\004\074\004\065\004\075\004\064\004\060\004\102\004\065\004\073\004\114\004\075\004\113\004\065\000\040\004\074\004\065\004\102\004\076\004\064\004\113}{section.1.2}% 10
\BOOKMARK [1][-]{section.1.3}{\376\377\004\032\004\076\004\075\004\102\004\065\004\075\004\102\004\075\004\060\004\117\000\040\004\104\004\070\004\073\004\114\004\102\004\100\004\060\004\106\004\070\004\117}{chapter.1}% 11
\BOOKMARK [2][-]{subsection.1.3.1}{\376\377\004\037\004\060\004\100\004\060\004\074\004\065\004\102\004\100\004\113\000\040\004\100\004\065\004\106\004\065\004\077\004\102\004\060}{section.1.3}% 12
\BOOKMARK [2][-]{subsection.1.3.2}{\376\377\004\032\004\073\004\060\004\101\004\101\004\070\004\104\004\070\004\072\004\060\004\106\004\070\004\117\000\040\004\021\004\060\004\071\004\065\004\101\004\060}{section.1.3}% 13
\BOOKMARK [2][-]{subsection.1.3.3}{\376\377\004\040\004\065\004\063\004\100\004\065\004\101\004\101\004\070\004\117}{section.1.3}% 14
\BOOKMARK [2][-]{subsection.1.3.4}{\376\377\004\040\004\065\004\063\004\103\004\073\004\117\004\100\004\070\004\067\004\060\004\106\004\070\004\117\000\040\004\073\004\070\004\075\004\065\004\071\004\075\004\076\004\071\000\040\004\100\004\065\004\063\004\100\004\065\004\101\004\101\004\070\004\070}{section.1.3}% 15
\BOOKMARK [2][-]{subsection.1.3.5}{\376\377\004\034\004\065\004\102\004\076\004\064\000\040\004\061\004\073\004\070\004\066\004\060\004\071\004\110\004\070\004\105\000\040\004\101\004\076\004\101\004\065\004\064\004\065\004\071}{section.1.3}% 16
\BOOKMARK [2][-]{subsection.1.3.6}{\376\377\004\057\004\064\004\065\004\100\004\075\004\060\004\117\000\040\004\100\004\065\004\063\004\100\004\065\004\101\004\101\004\070\004\117}{section.1.3}% 17
\BOOKMARK [2][-]{subsection.1.3.7}{\376\377\004\032\004\073\004\060\004\101\004\102\004\065\004\100\004\070\004\067\004\060\004\106\004\070\004\117}{section.1.3}% 18
\BOOKMARK [2][-]{subsection.1.3.8}{\376\377\004\032\004\076\004\074\004\061\004\070\004\075\004\060\004\106\004\070\004\070\000\040\004\074\004\076\004\064\004\065\004\073\004\065\004\071}{section.1.3}% 19
\BOOKMARK [1][-]{section.1.4}{\376\377\004\036\004\061\004\067\004\076\004\100\000\040\004\101\004\103\004\111\004\065\004\101\004\102\004\062\004\103\004\116\004\111\004\070\004\105\000\040\004\100\004\065\004\110\004\065\004\075\004\070\004\071}{chapter.1}% 20
\BOOKMARK [1][-]{section.1.5}{\376\377\004\041\004\100\004\060\004\062\004\075\004\065\004\075\004\070\004\065\000\040\004\074\004\065\004\102\004\076\004\064\004\076\004\062\000\040\004\100\004\065\004\072\004\076\004\074\004\065\004\075\004\064\004\060\004\106\004\070\004\071\000\040\004\100\004\065\004\106\004\065\004\077\004\102\004\076\004\062}{chapter.1}% 21
\BOOKMARK [1][-]{section.1.6}{\376\377\004\043\004\107\004\121\004\102\000\040\004\062\004\076\004\067\004\074\004\076\004\066\004\075\004\076\004\101\004\102\004\065\004\071\000\040\004\077\004\076\004\073\004\114\004\067\004\076\004\062\004\060\004\102\004\065\004\073\004\117}{chapter.1}% 22
\BOOKMARK [0][-]{chapter.2}{\376\377\004\032\004\076\004\075\004\101\004\102\004\100\004\103\004\072\004\102\004\076\004\100\004\101\004\072\004\070\004\071\000\040\004\100\004\060\004\067\004\064\004\065\004\073}{}% 23
\BOOKMARK [1][-]{section.2.1}{\376\377\004\036\004\077\004\100\004\065\004\064\004\065\004\073\004\065\004\075\004\070\004\065\000\040\004\077\004\100\004\065\004\106\004\065\004\064\004\065\004\075\004\102\004\076\004\062}{chapter.2}% 24
\BOOKMARK [1][-]{section.2.2}{\376\377\004\022\004\113\004\064\004\065\004\073\004\065\004\075\004\070\004\065\000\040\004\101\004\103\004\111\004\075\004\076\004\101\004\102\004\065\004\071}{chapter.2}% 25
\BOOKMARK [1][-]{section.2.3}{\376\377\004\022\004\113\004\061\004\076\004\100\000\040\004\060\004\100\004\105\004\070\004\102\004\065\004\072\004\102\004\103\004\100\004\075\004\113\004\105\000\040\004\110\004\060\004\061\004\073\004\076\004\075\004\076\004\062\000\040\004\077\004\100\004\076\004\065\004\072\004\102\004\070\004\100\004\076\004\062\004\060\004\075\004\070\004\117}{chapter.2}% 26
\BOOKMARK [1][-]{section.2.4}{\376\377\004\037\004\100\004\076\004\065\004\072\004\102\004\070\004\100\004\076\004\062\004\060\004\075\004\070\004\065\000\040\004\060\004\073\004\063\004\076\004\100\004\070\004\102\004\074\004\060\000\040\004\100\004\065\004\072\004\076\004\074\004\065\004\075\004\064\004\060\004\106\004\070\004\071}{chapter.2}% 27
\BOOKMARK [0][-]{chapter.3}{\376\377\004\042\004\065\004\105\004\075\004\076\004\073\004\076\004\063\004\070\004\107\004\065\004\101\004\072\004\070\004\071\000\040\004\100\004\060\004\067\004\064\004\065\004\073}{}% 28
\BOOKMARK [1][-]{section.3.1}{\376\377\004\037\004\076\004\064\004\063\004\076\004\102\004\076\004\062\004\072\004\060\000\040\004\064\004\060\004\075\004\075\004\113\004\105}{chapter.3}% 29
\BOOKMARK [1][-]{section.3.2}{\376\377\004\022\004\113\004\061\004\076\004\100\000\040\004\101\004\100\004\065\004\064\004\101\004\102\004\062\000\040\004\100\004\060\004\067\004\100\004\060\004\061\004\076\004\102\004\072\004\070}{chapter.3}% 30
\BOOKMARK [1][-]{section.3.3}{\376\377\004\040\004\065\004\060\004\073\004\070\004\067\004\060\004\106\004\070\004\117\000\040\004\100\004\065\004\072\004\076\004\074\004\065\004\075\004\064\004\060\004\102\004\065\004\073\004\114\004\075\004\076\004\071\000\040\004\101\004\070\004\101\004\102\004\065\004\074\004\113}{chapter.3}% 31
\BOOKMARK [1][-]{section.3.4}{\376\377\004\040\004\065\004\060\004\073\004\070\004\067\004\060\004\106\004\070\004\117\000\040\004\077\004\076\004\073\004\103\004\107\004\065\004\075\004\070\004\117\000\040\004\062\004\065\004\072\004\102\004\076\004\100\004\076\004\062\000\040\004\100\004\065\004\106\004\065\004\077\004\102\004\076\004\062}{chapter.3}% 32
\BOOKMARK [1][-]{section.3.5}{\376\377\004\037\004\100\004\070\004\074\004\065\004\100\004\113\000\040\004\100\004\060\004\061\004\076\004\102\004\113\000\040\004\077\004\100\004\076\004\063\004\100\004\060\004\074\004\074\004\113}{chapter.3}% 33
\BOOKMARK [0][-]{chapter.4}{\376\377\004\030\004\101\004\101\004\073\004\065\004\064\004\076\004\062\004\060\004\102\004\065\004\073\004\114\004\101\004\072\004\070\004\071\000\040\004\100\004\060\004\067\004\064\004\065\004\073}{}% 34
\BOOKMARK [1][-]{section.4.1}{\376\377\004\037\004\100\004\076\004\062\004\065\004\064\004\065\004\075\004\070\004\065\000\040\004\070\004\067\004\074\004\065\004\100\004\065\004\075\004\070\004\071\000\040\004\102\004\076\004\107\004\075\004\076\004\101\004\102\004\070}{chapter.4}% 35
\BOOKMARK [2][-]{subsection.4.1.1}{\376\377\004\040\004\065\004\063\004\100\004\065\004\101\004\101\004\070\004\076\004\075\004\075\004\060\004\117\000\040\004\074\004\076\004\064\004\065\004\073\004\114}{section.4.1}% 36
\BOOKMARK [2][-]{subsection.4.1.2}{\376\377\004\034\004\065\004\102\004\076\004\064\000\040\000k\000\040\004\061\004\073\004\070\004\066\004\060\004\071\004\110\004\070\004\105\000\040\004\101\004\076\004\101\004\065\004\064\004\065\004\071}{section.4.1}% 37
\BOOKMARK [1][-]{section.4.2}{\376\377\004\023\004\100\004\060\004\104\004\070\004\072\004\070\000\040\004\074\004\065\004\102\004\100\004\070\004\072\000\040\004\074\004\076\004\064\004\065\004\073\004\065\004\071}{chapter.4}% 38
\BOOKMARK [2][-]{subsection.4.2.1}{\376\377\004\022\004\113\004\107\004\070\004\101\004\073\004\065\004\075\004\070\004\065\000\040\004\074\004\065\004\102\004\100\004\070\004\072}{section.4.2}% 39
\BOOKMARK [2][-]{subsection.4.2.2}{\376\377\004\020\004\075\004\060\004\073\004\070\004\067\000\040\004\100\004\065\004\067\004\103\004\073\004\114\004\102\004\060\004\102\004\076\004\062}{section.4.2}% 40
\BOOKMARK [0][-]{chapter*.35}{\376\377\004\027\004\020\004\032\004\033\004\056\004\047\004\025\004\035\004\030\004\025}{}% 41
\BOOKMARK [0][-]{chapter*.36}{\376\377\004\041\004\037\004\030\004\041\004\036\004\032\000\040\004\030\004\041\004\037\004\036\004\033\004\054\004\027\004\036\004\022\004\020\004\035\004\035\004\053\004\045\000\040\004\030\004\041\004\042\004\036\004\047\004\035\004\030\004\032\004\036\004\022}{}% 42
\BOOKMARK [0][-]{chapter*.37}{\376\377\004\037\004\040\004\030\004\033\004\036\004\026\004\025\004\035\004\030\004\025\000\040\004\020}{}% 43
\BOOKMARK [0][-]{chapter*.38}{\376\377\004\037\004\040\004\030\004\033\004\036\004\026\004\025\004\035\004\030\004\025\000\040\004\021}{}% 44
\BOOKMARK [0][-]{chapter*.39}{\376\377\004\037\004\040\004\030\004\033\004\036\004\026\004\025\004\035\004\030\004\025\000\040\004\022}{}% 45
